# JRE version: OpenJDK Runtime Environment (Zulu 8.68.0.21-CA-win64) (8.0_362-b09) (build 1.8.0_362-b09)
# Java VM: OpenJDK 64-Bit Server VM (25.362-b09 mixed mode windows-amd64 compressed oops)
Heap:
 PSYoungGen      total 139776K, used 108575K [0x00000000d5580000, 0x00000000e1b80000, 0x0000000100000000)
  eden space 129024K, 81% used [0x00000000d5580000,0x00000000dbc566f0,0x00000000dd380000)
  from space 10752K, 30% used [0x00000000dd380000,0x00000000dd6b1648,0x00000000dde00000)
  to   space 11776K, 0% used [0x00000000e1000000,0x00000000e1000000,0x00000000e1b80000)
 ParOldGen       total 111616K, used 10044K [0x0000000080000000, 0x0000000086d00000, 0x00000000d5580000)
  object space 111616K, 8% used [0x0000000080000000,0x00000000809cf2b0,0x0000000086d00000)
 Metaspace       used 26064K, capacity 26515K, committed 27008K, reserved 1075200K
  class space    used 2988K, capacity 3137K, committed 3200K, reserved 1048576K
GC Heap History (10 events):
Event: 0.881 GC heap before
{Heap before GC invocations=2 (full 0):
 PSYoungGen      total 75264K, used 71178K [0x00000000d5580000, 0x00000000da980000, 0x0000000100000000)
  eden space 64512K, 100% used [0x00000000d5580000,0x00000000d9480000,0x00000000d9480000)
  from space 10752K, 62% used [0x00000000d9480000,0x00000000d9b02be8,0x00000000d9f00000)
  to   space 10752K, 0% used [0x00000000d9f00000,0x00000000d9f00000,0x00000000da980000)
 ParOldGen       total 172032K, used 16K [0x0000000080000000, 0x000000008a800000, 0x00000000d5580000)
  object space 172032K, 0% used [0x0000000080000000,0x0000000080004000,0x000000008a800000)
 Metaspace       used 11465K, capacity 11676K, committed 11904K, reserved 1060864K
  class space    used 1255K, capacity 1338K, committed 1408K, reserved 1048576K
Event: 0.884 GC heap after
Heap after GC invocations=2 (full 0):
 PSYoungGen      total 75264K, used 6486K [0x00000000d5580000, 0x00000000da980000, 0x0000000100000000)
  eden space 64512K, 0% used [0x00000000d5580000,0x00000000d5580000,0x00000000d9480000)
  from space 10752K, 60% used [0x00000000d9f00000,0x00000000da555a98,0x00000000da980000)
  to   space 10752K, 0% used [0x00000000d9480000,0x00000000d9480000,0x00000000d9f00000)
 ParOldGen       total 172032K, used 24K [0x0000000080000000, 0x000000008a800000, 0x00000000d5580000)
  object space 172032K, 0% used [0x0000000080000000,0x0000000080006000,0x000000008a800000)
 Metaspace       used 11465K, capacity 11676K, committed 11904K, reserved 1060864K
  class space    used 1255K, capacity 1338K, committed 1408K, reserved 1048576K
}
Event: 1.264 GC heap before
{Heap before GC invocations=3 (full 0):
 PSYoungGen      total 75264K, used 70998K [0x00000000d5580000, 0x00000000da980000, 0x0000000100000000)
  eden space 64512K, 100% used [0x00000000d5580000,0x00000000d9480000,0x00000000d9480000)
  from space 10752K, 60% used [0x00000000d9f00000,0x00000000da555a98,0x00000000da980000)
  to   space 10752K, 0% used [0x00000000d9480000,0x00000000d9480000,0x00000000d9f00000)
 ParOldGen       total 172032K, used 24K [0x0000000080000000, 0x000000008a800000, 0x00000000d5580000)
  object space 172032K, 0% used [0x0000000080000000,0x0000000080006000,0x000000008a800000)
 Metaspace       used 17603K, capacity 17830K, committed 18176K, reserved 1064960K
  class space    used 1892K, capacity 1985K, committed 2048K, reserved 1048576K
Event: 1.269 GC heap after
Heap after GC invocations=3 (full 0):
 PSYoungGen      total 75264K, used 8585K [0x00000000d5580000, 0x00000000de880000, 0x0000000100000000)
  eden space 64512K, 0% used [0x00000000d5580000,0x00000000d5580000,0x00000000d9480000)
  from space 10752K, 79% used [0x00000000d9480000,0x00000000d9ce2700,0x00000000d9f00000)
  to   space 10752K, 0% used [0x00000000dde00000,0x00000000dde00000,0x00000000de880000)
 ParOldGen       total 172032K, used 32K [0x0000000080000000, 0x000000008a800000, 0x00000000d5580000)
  object space 172032K, 0% used [0x0000000080000000,0x0000000080008000,0x000000008a800000)
 Metaspace       used 17603K, capacity 17830K, committed 18176K, reserved 1064960K
  class space    used 1892K, capacity 1985K, committed 2048K, reserved 1048576K
}
Event: 1.644 GC heap before
{Heap before GC invocations=4 (full 0):
 PSYoungGen      total 75264K, used 69943K [0x00000000d5580000, 0x00000000de880000, 0x0000000100000000)
  eden space 64512K, 95% used [0x00000000d5580000,0x00000000d916b6f8,0x00000000d9480000)
  from space 10752K, 79% used [0x00000000d9480000,0x00000000d9ce2700,0x00000000d9f00000)
  to   space 10752K, 0% used [0x00000000dde00000,0x00000000dde00000,0x00000000de880000)
 ParOldGen       total 172032K, used 32K [0x0000000080000000, 0x000000008a800000, 0x00000000d5580000)
  object space 172032K, 0% used [0x0000000080000000,0x0000000080008000,0x000000008a800000)
 Metaspace       used 20742K, capacity 21033K, committed 21296K, reserved 1069056K
  class space    used 2302K, capacity 2432K, committed 2432K, reserved 1048576K
Event: 1.651 GC heap after
Heap after GC invocations=4 (full 0):
 PSYoungGen      total 139776K, used 10207K [0x00000000d5580000, 0x00000000de880000, 0x0000000100000000)
  eden space 129024K, 0% used [0x00000000d5580000,0x00000000d5580000,0x00000000dd380000)
  from space 10752K, 94% used [0x00000000dde00000,0x00000000de7f7c00,0x00000000de880000)
  to   space 10752K, 0% used [0x00000000dd380000,0x00000000dd380000,0x00000000dde00000)
 ParOldGen       total 172032K, used 104K [0x0000000080000000, 0x000000008a800000, 0x00000000d5580000)
  object space 172032K, 0% used [0x0000000080000000,0x000000008001a010,0x000000008a800000)
 Metaspace       used 20742K, capacity 21033K, committed 21296K, reserved 1069056K
  class space    used 2302K, capacity 2432K, committed 2432K, reserved 1048576K
}
Event: 1.651 GC heap before
{Heap before GC invocations=5 (full 1):
 PSYoungGen      total 139776K, used 10207K [0x00000000d5580000, 0x00000000de880000, 0x0000000100000000)
  eden space 129024K, 0% used [0x00000000d5580000,0x00000000d5580000,0x00000000dd380000)
  from space 10752K, 94% used [0x00000000dde00000,0x00000000de7f7c00,0x00000000de880000)
  to   space 10752K, 0% used [0x00000000dd380000,0x00000000dd380000,0x00000000dde00000)
 ParOldGen       total 172032K, used 104K [0x0000000080000000, 0x000000008a800000, 0x00000000d5580000)
  object space 172032K, 0% used [0x0000000080000000,0x000000008001a010,0x000000008a800000)
 Metaspace       used 20742K, capacity 21033K, committed 21296K, reserved 1069056K
  class space    used 2302K, capacity 2432K, committed 2432K, reserved 1048576K
Event: 1.678 GC heap after
Heap after GC invocations=5 (full 1):
 PSYoungGen      total 139776K, used 0K [0x00000000d5580000, 0x00000000de880000, 0x0000000100000000)
  eden space 129024K, 0% used [0x00000000d5580000,0x00000000d5580000,0x00000000dd380000)
  from space 10752K, 0% used [0x00000000dde00000,0x00000000dde00000,0x00000000de880000)
  to   space 10752K, 0% used [0x00000000dd380000,0x00000000dd380000,0x00000000dde00000)
 ParOldGen       total 111616K, used 10036K [0x0000000080000000, 0x0000000086d00000, 0x00000000d5580000)
  object space 111616K, 8% used [0x0000000080000000,0x00000000809cd2b0,0x0000000086d00000)
 Metaspace       used 20742K, capacity 21033K, committed 21296K, reserved 1069056K
  class space    used 2302K, capacity 2432K, committed 2432K, reserved 1048576K
}
Event: 2.066 GC heap before
{Heap before GC invocations=6 (full 1):
 PSYoungGen      total 139776K, used 129024K [0x00000000d5580000, 0x00000000de880000, 0x0000000100000000)
  eden space 129024K, 100% used [0x00000000d5580000,0x00000000dd380000,0x00000000dd380000)
  from space 10752K, 0% used [0x00000000dde00000,0x00000000dde00000,0x00000000de880000)
  to   space 10752K, 0% used [0x00000000dd380000,0x00000000dd380000,0x00000000dde00000)
 ParOldGen       total 111616K, used 10036K [0x0000000080000000, 0x0000000086d00000, 0x00000000d5580000)
  object space 111616K, 8% used [0x0000000080000000,0x00000000809cd2b0,0x0000000086d00000)
 Metaspace       used 22901K, capacity 23235K, committed 23424K, reserved 1071104K
  class space    used 2516K, capacity 2651K, committed 2688K, reserved 1048576K
Event: 2.068 GC heap after
Heap after GC invocations=6 (full 1):
 PSYoungGen      total 139776K, used 3269K [0x00000000d5580000, 0x00000000e1b80000, 0x0000000100000000)
  eden space 129024K, 0% used [0x00000000d5580000,0x00000000d5580000,0x00000000dd380000)
  from space 10752K, 30% used [0x00000000dd380000,0x00000000dd6b1648,0x00000000dde00000)
  to   space 11776K, 0% used [0x00000000e1000000,0x00000000e1000000,0x00000000e1b80000)
 ParOldGen       total 111616K, used 10044K [0x0000000080000000, 0x0000000086d00000, 0x00000000d5580000)
  object space 111616K, 8% used [0x0000000080000000,0x00000000809cf2b0,0x0000000086d00000)
 Metaspace       used 22901K, capacity 23235K, committed 23424K, reserved 1071104K
  class space    used 2516K, capacity 2651K, committed 2688K, reserved 1048576K
}

