# JRE version: OpenJDK Runtime Environment (Zulu 8.68.0.21-CA-win64) (8.0_362-b09) (build 1.8.0_362-b09)
# Java VM: OpenJDK 64-Bit Server VM (25.362-b09 mixed mode windows-amd64 compressed oops)
Heap:
 PSYoungGen      total 139776K, used 118612K [0x00000000d5580000, 0x00000000e2280000, 0x0000000100000000)
  eden space 129024K, 89% used [0x00000000d5580000,0x00000000dc638258,0x00000000dd380000)
  from space 10752K, 29% used [0x00000000dd380000,0x00000000dd69d080,0x00000000dde00000)
  to   space 11776K, 0% used [0x00000000e1700000,0x00000000e1700000,0x00000000e2280000)
 ParOldGen       total 108032K, used 9881K [0x0000000080000000, 0x0000000086980000, 0x00000000d5580000)
  object space 108032K, 9% used [0x0000000080000000,0x00000000809a6548,0x0000000086980000)
 Metaspace       used 26740K, capacity 27146K, committed 27392K, reserved 1073152K
  class space    used 3067K, capacity 3240K, committed 3328K, reserved 1048576K
GC Heap History (10 events):
Event: 0.881 GC heap before
{Heap before GC invocations=2 (full 0):
 PSYoungGen      total 75264K, used 71147K [0x00000000d5580000, 0x00000000da980000, 0x0000000100000000)
  eden space 64512K, 100% used [0x00000000d5580000,0x00000000d9480000,0x00000000d9480000)
  from space 10752K, 61% used [0x00000000d9480000,0x00000000d9afac08,0x00000000d9f00000)
  to   space 10752K, 0% used [0x00000000d9f00000,0x00000000d9f00000,0x00000000da980000)
 ParOldGen       total 172032K, used 16K [0x0000000080000000, 0x000000008a800000, 0x00000000d5580000)
  object space 172032K, 0% used [0x0000000080000000,0x0000000080004000,0x000000008a800000)
 Metaspace       used 11475K, capacity 11676K, committed 11904K, reserved 1060864K
  class space    used 1256K, capacity 1338K, committed 1408K, reserved 1048576K
Event: 0.885 GC heap after
Heap after GC invocations=2 (full 0):
 PSYoungGen      total 75264K, used 6559K [0x00000000d5580000, 0x00000000de880000, 0x0000000100000000)
  eden space 64512K, 0% used [0x00000000d5580000,0x00000000d5580000,0x00000000d9480000)
  from space 10752K, 61% used [0x00000000d9f00000,0x00000000da567c70,0x00000000da980000)
  to   space 10752K, 0% used [0x00000000d9480000,0x00000000d9480000,0x00000000d9f00000)
 ParOldGen       total 172032K, used 24K [0x0000000080000000, 0x000000008a800000, 0x00000000d5580000)
  object space 172032K, 0% used [0x0000000080000000,0x0000000080006000,0x000000008a800000)
 Metaspace       used 11475K, capacity 11676K, committed 11904K, reserved 1060864K
  class space    used 1256K, capacity 1338K, committed 1408K, reserved 1048576K
}
Event: 1.264 GC heap before
{Heap before GC invocations=3 (full 0):
 PSYoungGen      total 75264K, used 71071K [0x00000000d5580000, 0x00000000de880000, 0x0000000100000000)
  eden space 64512K, 100% used [0x00000000d5580000,0x00000000d9480000,0x00000000d9480000)
  from space 10752K, 61% used [0x00000000d9f00000,0x00000000da567c70,0x00000000da980000)
  to   space 10752K, 0% used [0x00000000d9480000,0x00000000d9480000,0x00000000d9f00000)
 ParOldGen       total 172032K, used 24K [0x0000000080000000, 0x000000008a800000, 0x00000000d5580000)
  object space 172032K, 0% used [0x0000000080000000,0x0000000080006000,0x000000008a800000)
 Metaspace       used 17587K, capacity 17862K, committed 18176K, reserved 1064960K
  class space    used 1892K, capacity 2017K, committed 2048K, reserved 1048576K
Event: 1.269 GC heap after
Heap after GC invocations=3 (full 0):
 PSYoungGen      total 75264K, used 8551K [0x00000000d5580000, 0x00000000de880000, 0x0000000100000000)
  eden space 64512K, 0% used [0x00000000d5580000,0x00000000d5580000,0x00000000d9480000)
  from space 10752K, 79% used [0x00000000d9480000,0x00000000d9cd9fc8,0x00000000d9f00000)
  to   space 10752K, 0% used [0x00000000dde00000,0x00000000dde00000,0x00000000de880000)
 ParOldGen       total 172032K, used 32K [0x0000000080000000, 0x000000008a800000, 0x00000000d5580000)
  object space 172032K, 0% used [0x0000000080000000,0x0000000080008000,0x000000008a800000)
 Metaspace       used 17587K, capacity 17862K, committed 18176K, reserved 1064960K
  class space    used 1892K, capacity 2017K, committed 2048K, reserved 1048576K
}
Event: 1.636 GC heap before
{Heap before GC invocations=4 (full 0):
 PSYoungGen      total 75264K, used 69908K [0x00000000d5580000, 0x00000000de880000, 0x0000000100000000)
  eden space 64512K, 95% used [0x00000000d5580000,0x00000000d916b410,0x00000000d9480000)
  from space 10752K, 79% used [0x00000000d9480000,0x00000000d9cd9fc8,0x00000000d9f00000)
  to   space 10752K, 0% used [0x00000000dde00000,0x00000000dde00000,0x00000000de880000)
 ParOldGen       total 172032K, used 32K [0x0000000080000000, 0x000000008a800000, 0x00000000d5580000)
  object space 172032K, 0% used [0x0000000080000000,0x0000000080008000,0x000000008a800000)
 Metaspace       used 20769K, capacity 21002K, committed 21296K, reserved 1069056K
  class space    used 2302K, capacity 2401K, committed 2432K, reserved 1048576K
Event: 1.643 GC heap after
Heap after GC invocations=4 (full 0):
 PSYoungGen      total 139776K, used 10108K [0x00000000d5580000, 0x00000000de880000, 0x0000000100000000)
  eden space 129024K, 0% used [0x00000000d5580000,0x00000000d5580000,0x00000000dd380000)
  from space 10752K, 94% used [0x00000000dde00000,0x00000000de7df1c8,0x00000000de880000)
  to   space 10752K, 0% used [0x00000000dd380000,0x00000000dd380000,0x00000000dde00000)
 ParOldGen       total 172032K, used 104K [0x0000000080000000, 0x000000008a800000, 0x00000000d5580000)
  object space 172032K, 0% used [0x0000000080000000,0x000000008001a010,0x000000008a800000)
 Metaspace       used 20769K, capacity 21002K, committed 21296K, reserved 1069056K
  class space    used 2302K, capacity 2401K, committed 2432K, reserved 1048576K
}
Event: 1.643 GC heap before
{Heap before GC invocations=5 (full 1):
 PSYoungGen      total 139776K, used 10108K [0x00000000d5580000, 0x00000000de880000, 0x0000000100000000)
  eden space 129024K, 0% used [0x00000000d5580000,0x00000000d5580000,0x00000000dd380000)
  from space 10752K, 94% used [0x00000000dde00000,0x00000000de7df1c8,0x00000000de880000)
  to   space 10752K, 0% used [0x00000000dd380000,0x00000000dd380000,0x00000000dde00000)
 ParOldGen       total 172032K, used 104K [0x0000000080000000, 0x000000008a800000, 0x00000000d5580000)
  object space 172032K, 0% used [0x0000000080000000,0x000000008001a010,0x000000008a800000)
 Metaspace       used 20769K, capacity 21002K, committed 21296K, reserved 1069056K
  class space    used 2302K, capacity 2401K, committed 2432K, reserved 1048576K
Event: 1.668 GC heap after
Heap after GC invocations=5 (full 1):
 PSYoungGen      total 139776K, used 0K [0x00000000d5580000, 0x00000000de880000, 0x0000000100000000)
  eden space 129024K, 0% used [0x00000000d5580000,0x00000000d5580000,0x00000000dd380000)
  from space 10752K, 0% used [0x00000000dde00000,0x00000000dde00000,0x00000000de880000)
  to   space 10752K, 0% used [0x00000000dd380000,0x00000000dd380000,0x00000000dde00000)
 ParOldGen       total 108032K, used 9873K [0x0000000080000000, 0x0000000086980000, 0x00000000d5580000)
  object space 108032K, 9% used [0x0000000080000000,0x00000000809a4548,0x0000000086980000)
 Metaspace       used 20769K, capacity 21002K, committed 21296K, reserved 1069056K
  class space    used 2302K, capacity 2401K, committed 2432K, reserved 1048576K
}
Event: 2.040 GC heap before
{Heap before GC invocations=6 (full 1):
 PSYoungGen      total 139776K, used 129024K [0x00000000d5580000, 0x00000000de880000, 0x0000000100000000)
  eden space 129024K, 100% used [0x00000000d5580000,0x00000000dd380000,0x00000000dd380000)
  from space 10752K, 0% used [0x00000000dde00000,0x00000000dde00000,0x00000000de880000)
  to   space 10752K, 0% used [0x00000000dd380000,0x00000000dd380000,0x00000000dde00000)
 ParOldGen       total 108032K, used 9873K [0x0000000080000000, 0x0000000086980000, 0x00000000d5580000)
  object space 108032K, 9% used [0x0000000080000000,0x00000000809a4548,0x0000000086980000)
 Metaspace       used 22879K, capacity 23234K, committed 23424K, reserved 1071104K
  class space    used 2517K, capacity 2650K, committed 2688K, reserved 1048576K
Event: 2.042 GC heap after
Heap after GC invocations=6 (full 1):
 PSYoungGen      total 139776K, used 3188K [0x00000000d5580000, 0x00000000e2280000, 0x0000000100000000)
  eden space 129024K, 0% used [0x00000000d5580000,0x00000000d5580000,0x00000000dd380000)
  from space 10752K, 29% used [0x00000000dd380000,0x00000000dd69d080,0x00000000dde00000)
  to   space 11776K, 0% used [0x00000000e1700000,0x00000000e1700000,0x00000000e2280000)
 ParOldGen       total 108032K, used 9881K [0x0000000080000000, 0x0000000086980000, 0x00000000d5580000)
  object space 108032K, 9% used [0x0000000080000000,0x00000000809a6548,0x0000000086980000)
 Metaspace       used 22879K, capacity 23234K, committed 23424K, reserved 1071104K
  class space    used 2517K, capacity 2650K, committed 2688K, reserved 1048576K
}

